c:\users\abdullah alaa\source\repos\yugi\yugi\debug\vc142.pdb
c:\users\abdullah alaa\source\repos\yugi\yugi\debug\vc142.idb
c:\users\abdullah alaa\source\repos\yugi\yugi\debug\trap.obj
c:\users\abdullah alaa\source\repos\yugi\yugi\debug\monsters-2.obj
c:\users\abdullah alaa\source\repos\yugi\yugi\debug\spell.obj
c:\users\abdullah alaa\source\repos\yugi\yugi\debug\rec.obj
c:\users\abdullah alaa\source\repos\yugi\yugi\debug\player.obj
c:\users\abdullah alaa\source\repos\yugi\yugi\debug\main.obj
c:\users\abdullah alaa\source\repos\yugi\yugi\debug\list.obj
c:\users\abdullah alaa\source\repos\yugi\yugi\debug\card.obj
c:\users\abdullah alaa\source\repos\yugi\yugi\debug\menue.obj
c:\users\abdullah alaa\source\repos\yugi\debug\yugi.exe
c:\users\abdullah alaa\source\repos\yugi\debug\yugi.ilk
c:\users\abdullah alaa\source\repos\yugi\debug\yugi.pdb
c:\users\abdullah alaa\source\repos\yu-gi-oh\yugi\debug\card.obj
c:\users\abdullah alaa\source\repos\yu-gi-oh\yugi\debug\list.obj
c:\users\abdullah alaa\source\repos\yu-gi-oh\yugi\debug\main.obj
c:\users\abdullah alaa\source\repos\yu-gi-oh\yugi\debug\menue.obj
c:\users\abdullah alaa\source\repos\yu-gi-oh\yugi\debug\monsters-2.obj
c:\users\abdullah alaa\source\repos\yu-gi-oh\yugi\debug\player.obj
c:\users\abdullah alaa\source\repos\yu-gi-oh\yugi\debug\rec.obj
c:\users\abdullah alaa\source\repos\yu-gi-oh\yugi\debug\spell.obj
c:\users\abdullah alaa\source\repos\yu-gi-oh\yugi\debug\trap.obj
c:\users\abdullah alaa\source\repos\yu-gi-oh\yugi\debug\vc142.idb
c:\users\abdullah alaa\source\repos\yu-gi-oh\yugi\debug\vc142.pdb
c:\users\abdullah alaa\source\repos\yu-gi-oh\debug\yugi.pdb
c:\users\abdullah alaa\source\repos\yu-gi-oh\debug\yugi.exe
c:\users\abdullah alaa\source\repos\yu-gi-oh\debug\yugi.ilk
c:\users\abdullah alaa\source\repos\yu-gi-oh\yugi\debug\yugi.tlog\cl.command.1.tlog
c:\users\abdullah alaa\source\repos\yu-gi-oh\yugi\debug\yugi.tlog\cl.read.1.tlog
c:\users\abdullah alaa\source\repos\yu-gi-oh\yugi\debug\yugi.tlog\cl.write.1.tlog
c:\users\abdullah alaa\source\repos\yu-gi-oh\yugi\debug\yugi.tlog\link.command.1.tlog
c:\users\abdullah alaa\source\repos\yu-gi-oh\yugi\debug\yugi.tlog\link.read.1.tlog
c:\users\abdullah alaa\source\repos\yu-gi-oh\yugi\debug\yugi.tlog\link.write.1.tlog
